<?xml version="1.0" encoding="UTF-8"?>
<!-- Generated by org.testng.reporters.JUnitXMLReporter -->
<testsuite hostname="lup-milos" name="Default test" tests="10" failures="0" timestamp="1 Jul 2018 16:16:50 GMT" time="187.251" errors="0">
  <testcase name="gettingStartedPage" time="10.677" classname="com.hsbc.tests.Scenario6"/>
  <testcase name="fastTrackTheApplication" time="1.245" classname="com.hsbc.tests.Scenario6"/>
  <testcase name="bussinessOverviewPage" time="31.292" classname="com.hsbc.tests.Scenario6"/>
  <testcase name="businessDetailsPage" time="27.821" classname="com.hsbc.tests.Scenario6"/>
  <testcase name="businessFinancePage" time="29.141" classname="com.hsbc.tests.Scenario6"/>
  <testcase name="aboutYouPage" time="18.489" classname="com.hsbc.tests.Scenario6"/>
  <testcase name="relatedPersonsPage" time="18.769" classname="com.hsbc.tests.Scenario6"/>
  <testcase name="managingYourAccountPage" time="26.968" classname="com.hsbc.tests.Scenario6"/>
  <testcase name="taxDeclarationPage" time="4.498" classname="com.hsbc.tests.Scenario6"/>
  <testcase name="summaryPage" time="12.927" classname="com.hsbc.tests.Scenario6"/>
</testsuite> <!-- Default test -->
